This is pdfTeX, Version 3.141592-1.40.4 (MiKTeX 2.6) (preloaded format=pdflatex 2007.12.7)  5 MAY 2008 10:36
entering extended mode
**lrec08_final.tex
(lrec08_final.tex
LaTeX2e <2005/12/01>
Babel <v3.8h> and hyphenation patterns for english, dumylang, nohyphenation, ge
rman, ngerman, french, loaded.
("C:\Program Files\MiKTeX 2.6\tex\latex\base\article.cls"
Document Class: article 2005/09/16 v1.4f Standard LaTeX document class
("C:\Program Files\MiKTeX 2.6\tex\latex\base\size10.clo"
File: size10.clo 2005/09/16 v1.4f Standard LaTeX file (size option)
)
\c@part=\count79
\c@section=\count80
\c@subsection=\count81
\c@subsubsection=\count82
\c@paragraph=\count83
\c@subparagraph=\count84
\c@figure=\count85
\c@table=\count86
\abovecaptionskip=\skip41
\belowcaptionskip=\skip42
\bibindent=\dimen102
) (lrec2006.sty

LREC 2006 Proceedings style -- Februar 2006

\titlebox=\skip43
) ("C:\Program Files\MiKTeX 2.6\tex\latex\graphics\graphicx.sty"
Package: graphicx 1999/02/16 v1.0f Enhanced LaTeX Graphics (DPC,SPQR)

("C:\Program Files\MiKTeX 2.6\tex\latex\graphics\keyval.sty"
Package: keyval 1999/03/16 v1.13 key=value parser (DPC)
\KV@toks@=\toks14
)
("C:\Program Files\MiKTeX 2.6\tex\latex\graphics\graphics.sty"
Package: graphics 2006/02/20 v1.0o Standard LaTeX Graphics (DPC,SPQR)

("C:\Program Files\MiKTeX 2.6\tex\latex\graphics\trig.sty"
Package: trig 1999/03/16 v1.09 sin cos tan (DPC)
)
("C:\Program Files\MiKTeX 2.6\tex\latex\00miktex\graphics.cfg"
File: graphics.cfg 2007/01/18 v1.5 graphics configuration of teTeX/TeXLive
)
Package graphics Info: Driver file: pdftex.def on input line 90.

("C:\Program Files\MiKTeX 2.6\tex\latex\graphics\pdftex.def"
File: pdftex.def 2007/06/12 v0.04h Graphics/color for pdfTeX
\Gread@gobject=\count87
))
\Gin@req@height=\dimen103
\Gin@req@width=\dimen104
)
(lrec08_final.aux)
LaTeX Font Info:    Checking defaults for OML/cmm/m/it on input line 22.
LaTeX Font Info:    ... okay on input line 22.
LaTeX Font Info:    Checking defaults for T1/cmr/m/n on input line 22.
LaTeX Font Info:    ... okay on input line 22.
LaTeX Font Info:    Checking defaults for OT1/cmr/m/n on input line 22.
LaTeX Font Info:    ... okay on input line 22.
LaTeX Font Info:    Checking defaults for OMS/cmsy/m/n on input line 22.
LaTeX Font Info:    ... okay on input line 22.
LaTeX Font Info:    Checking defaults for OMX/cmex/m/n on input line 22.
LaTeX Font Info:    ... okay on input line 22.
LaTeX Font Info:    Checking defaults for U/cmr/m/n on input line 22.
LaTeX Font Info:    ... okay on input line 22.
LaTeX Font Info:    Try loading font information for OT1+ptm on input line 22.
 ("C:\Program Files\MiKTeX 2.6\tex\latex\psnfss\ot1ptm.fd"
File: ot1ptm.fd 2001/06/04 font definitions for OT1/ptm.
)
("C:\Program Files\MiKTeX 2.6\tex\context\base\supp-pdf.tex"
[Loading MPS to PDF converter (version 2006.09.02).]
\scratchcounter=\count88
\scratchdimen=\dimen105
\scratchbox=\box26
\nofMPsegments=\count89
\nofMParguments=\count90
\MPscratchCnt=\count91
\MPscratchDim=\dimen106
\MPnumerator=\count92
\everyMPtoPDFconversion=\toks15
)
LaTeX Font Info:    Font shape `OT1/ptm/bx/n' in size <14.4> not available
(Font)              Font shape `OT1/ptm/b/n' tried instead on input line 23.
LaTeX Font Info:    External font `cmex10' loaded for size
(Font)              <7> on input line 23.
LaTeX Font Info:    External font `cmex10' loaded for size
(Font)              <5> on input line 23.
LaTeX Font Info:    Font shape `OT1/ptm/bx/n' in size <12> not available
(Font)              Font shape `OT1/ptm/b/n' tried instead on input line 23.
LaTeX Font Info:    External font `cmex10' loaded for size
(Font)              <12> on input line 23.
LaTeX Font Info:    External font `cmex10' loaded for size
(Font)              <8> on input line 23.
LaTeX Font Info:    External font `cmex10' loaded for size
(Font)              <6> on input line 23.
LaTeX Font Info:    Font shape `OT1/ptm/bx/n' in size <10> not available
(Font)              Font shape `OT1/ptm/b/n' tried instead on input line 23.
LaTeX Font Info:    External font `cmex10' loaded for size
(Font)              <9> on input line 30.

Overfull \vbox (0.6894pt too high) has occurred while \output is active []


[1{psfonts.map}



]
LaTeX Font Info:    Try loading font information for OT1+pcr on input line 52.
 ("C:\Program Files\MiKTeX 2.6\tex\latex\psnfss\ot1pcr.fd"
File: ot1pcr.fd 2001/06/04 font definitions for OT1/pcr.
)
Underfull \hbox (badness 1331) in paragraph at lines 89--90
 \OT1/ptm/b/n/10 GroupBy \OT1/ptm/m/n/10 Mal-tE-val has a large num-ber of grou
p-ing
 []

[2] <chinese.png, id=13, 184.89075pt x 98.769pt>
File: chinese.png Graphic file (type png)
 <use chinese.png>
<maltTreebankViewer.png, id=15, 626.34pt x 536.0025pt>
File: maltTreebankViewer.png Graphic file (type png)

<use maltTreebankViewer.png>
Underfull \hbox (badness 6284) in paragraph at lines 229--230
[]\OT1/ptm/m/n/10 For in-stance, the gold-standard and the GroupBy-
 []

LaTeX Font Info:    Try loading font information for OMS+ptm on input line 233.

("C:\Program Files\MiKTeX 2.6\tex\latex\psnfss\omsptm.fd"
File: omsptm.fd 
)
LaTeX Font Info:    Font shape `OMS/ptm/m/n' in size <10> not available
(Font)              Font shape `OMS/cmsy/m/n' tried instead on input line 233.
 [3 <chinese.png (PNG copy)>] (lrec08_final.bbl [4 <maltTreebankViewer.png (PNG
 copy)>]
Underfull \hbox (badness 6125) in paragraph at lines 19--24
[]\OT1/ptm/m/n/10 Kaarel Kalju-rand.  2006.  DepSVG.  URL: http://
 []

)
Overfull \hbox (2.6689pt too wide) in paragraph at lines 367--367
 []\OT1/pcr/m/n/7 treebankcounter|correctcounter">ArcDirection</value>[] 
 []


Overfull \hbox (6.8689pt too wide) in paragraph at lines 384--384
 []\OT1/pcr/m/n/7 treebankcounter|correctcounter">GroupedRelationLength[] 
 []


Overfull \hbox (11.0689pt too wide) in paragraph at lines 400--400
 []  \OT1/pcr/m/n/7 <formatting argument="confusion-matrix" format="1"/>[] 
 []

[5]
Overfull \hbox (6.8689pt too wide) in paragraph at lines 435--435
 []\OT1/pcr/m/n/7 Cpostag@-2#Cpostag@-1#Wordform@-2#Wordform@-1</value>[] 
 []


Overfull \hbox (6.8689pt too wide) in paragraph at lines 452--452
 []    \OT1/pcr/m/n/7 <value format="correctcounter-5">Sentence</value>[] 
 []

[6

] (lrec08_final.aux) ) 
Here is how much of TeX's memory you used:
 1089 strings out of 95295
 12687 string characters out of 1184859
 67996 words of memory out of 1061968
 4246 multiletter control sequences out of 60000
 22234 words of font info for 48 fonts, out of 1000000 for 2000
 14 hyphenation exceptions out of 8191
 25i,10n,19p,934b,329s stack positions out of 5000i,500n,10000p,200000b,32768s
{8r.enc}<C:/Program Files/MiKTeX 2.6/fonts/type1/bluesky/
cm/cmmi10.pfb><C:/Program Files/MiKTeX 2.6/fonts/type1/bluesky/cm/cmr10.pfb><C:
/Program Files/MiKTeX 2.6/fonts/type1/bluesky/cm/cmsy10.pfb><C:/Program Files/M
iKTeX 2.6/fonts/type1/bluesky/cm/cmsy7.pfb><C:/Program Files/MiKTeX 2.6/fonts/t
ype1/bluesky/cm/cmsy8.pfb><C:/Program Files/MiKTeX 2.6/fonts/type1/urw/courier/
ucrr8a.pfb><C:/Program Files/MiKTeX 2.6/fonts/type1/urw/times/utmb8a.pfb><C:/Pr
ogram Files/MiKTeX 2.6/fonts/type1/urw/times/utmr8a.pfb><C:/Program Files/MiKTe
X 2.6/fonts/type1/urw/times/utmri8a.pfb>
Output written on lrec08_final.pdf (6 pages, 152048 bytes).
PDF statistics:
 64 PDF objects out of 300000 (max. 8388607)
 0 named destinations out of 300000 (max. 131072)
 23 words of extra memory for PDF output out of 65536 (max. 10000000)

